[debug] [2025-04-26T10:50:32.182Z] ----------------------------------------------------------------------
[debug] [2025-04-26T10:50:32.185Z] Command:       /usr/local/bin/node /usr/local/bin/firebase deploy --only hosting
[debug] [2025-04-26T10:50:32.186Z] CLI Version:   14.2.1
[debug] [2025-04-26T10:50:32.187Z] Platform:      darwin
[debug] [2025-04-26T10:50:32.187Z] Node Version:  v22.14.0
[debug] [2025-04-26T10:50:32.188Z] Time:          Sat Apr 26 2025 19:50:32 GMT+0900 (대한민국 표준시)
[debug] [2025-04-26T10:50:32.190Z] ----------------------------------------------------------------------
[debug] 
[debug] [2025-04-26T10:50:32.374Z] > command requires scopes: ["email","openid","https://www.googleapis.com/auth/cloudplatformprojects.readonly","https://www.googleapis.com/auth/firebase","https://www.googleapis.com/auth/cloud-platform"]
[debug] [2025-04-26T10:50:32.375Z] > authorizing via signed-in user (serkee5559@gmail.com)
[debug] [2025-04-26T10:50:32.375Z] [iam] checking project routefinding-c7cfa for permissions ["firebase.projects.get","firebasehosting.sites.update"]
[debug] [2025-04-26T10:50:32.378Z] Checked if tokens are valid: false, expires at: 1745655069580
[debug] [2025-04-26T10:50:32.378Z] Checked if tokens are valid: false, expires at: 1745655069580
[debug] [2025-04-26T10:50:32.378Z] > refreshing access token with scopes: []
[debug] [2025-04-26T10:50:32.385Z] >>> [apiv2][query] POST https://www.googleapis.com/oauth2/v3/token [none]
[debug] [2025-04-26T10:50:32.385Z] >>> [apiv2][body] POST https://www.googleapis.com/oauth2/v3/token [omitted]
[debug] [2025-04-26T10:50:32.876Z] <<< [apiv2][status] POST https://www.googleapis.com/oauth2/v3/token 200
[debug] [2025-04-26T10:50:32.876Z] <<< [apiv2][body] POST https://www.googleapis.com/oauth2/v3/token [omitted]
[debug] [2025-04-26T10:50:32.895Z] >>> [apiv2][query] POST https://cloudresourcemanager.googleapis.com/v1/projects/routefinding-c7cfa:testIamPermissions [none]
[debug] [2025-04-26T10:50:32.895Z] >>> [apiv2][(partial)header] POST https://cloudresourcemanager.googleapis.com/v1/projects/routefinding-c7cfa:testIamPermissions x-goog-quota-user=projects/routefinding-c7cfa
[debug] [2025-04-26T10:50:32.895Z] >>> [apiv2][body] POST https://cloudresourcemanager.googleapis.com/v1/projects/routefinding-c7cfa:testIamPermissions {"permissions":["firebase.projects.get","firebasehosting.sites.update"]}
